0 info it worked if it ends with ok
1 verbose cli [ '/usr/local/bin/node',
1 verbose cli   '/usr/local/lib/node_modules/npm/bin/npm-cli.js',
1 verbose cli   'run',
1 verbose cli   'start',
1 verbose cli   '--scripts-prepend-node-path=auto' ]
2 info using npm@2.15.1
3 info using node@v0.10.48
4 verbose node symlink /usr/local/bin/node
5 verbose run-script [ 'prestart', 'start', 'poststart' ]
6 info prestart teste-banco-pan@1.0.0
7 info start teste-banco-pan@1.0.0
8 verbose unsafe-perm in lifecycle true
9 info teste-banco-pan@1.0.0 Failed to exec start script
10 verbose stack Error: teste-banco-pan@1.0.0 start: `concurrent "npm run tsc:w" "npm run lite" `
10 verbose stack Exit status 1
10 verbose stack     at EventEmitter.<anonymous> (/usr/local/lib/node_modules/npm/lib/utils/lifecycle.js:217:16)
10 verbose stack     at EventEmitter.emit (events.js:98:17)
10 verbose stack     at ChildProcess.<anonymous> (/usr/local/lib/node_modules/npm/lib/utils/spawn.js:24:14)
10 verbose stack     at ChildProcess.emit (events.js:98:17)
10 verbose stack     at maybeClose (child_process.js:766:16)
10 verbose stack     at Process.ChildProcess._handle.onexit (child_process.js:833:5)
11 verbose pkgid teste-banco-pan@1.0.0
12 verbose cwd /Users/marcusleonato/Documents/angular2-products
13 error Darwin 14.5.0
14 error argv "/usr/local/bin/node" "/usr/local/lib/node_modules/npm/bin/npm-cli.js" "run" "start" "--scripts-prepend-node-path=auto"
15 error node v0.10.48
16 error npm  v2.15.1
17 error code ELIFECYCLE
18 error teste-banco-pan@1.0.0 start: `concurrent "npm run tsc:w" "npm run lite" `
18 error Exit status 1
19 error Failed at the teste-banco-pan@1.0.0 start script 'concurrent "npm run tsc:w" "npm run lite" '.
19 error This is most likely a problem with the teste-banco-pan package,
19 error not with npm itself.
19 error Tell the author that this fails on your system:
19 error     concurrent "npm run tsc:w" "npm run lite"
19 error You can get information on how to open an issue for this project with:
19 error     npm bugs teste-banco-pan
19 error Or if that isn't available, you can get their info via:
19 error
19 error     npm owner ls teste-banco-pan
19 error There is likely additional logging output above.
20 verbose exit [ 1, true ]
